{"/Users/hemandev/engagespot/engagespot/packages/core/src/Notification.ts": {"path":"/Users/hemandev/engagespot/engagespot/packages/core/src/Notification.ts","statementMap":{"0":{"start":{"line":1,"column":0},"end":{"line":1,"column":62}},"1":{"start":{"line":10,"column":2},"end":{"line":10,"column":33}},"2":{"start":{"line":11,"column":2},"end":{"line":11,"column":30}},"3":{"start":{"line":12,"column":2},"end":{"line":12,"column":29}},"4":{"start":{"line":13,"column":2},"end":{"line":13,"column":32}},"5":{"start":{"line":14,"column":2},"end":{"line":14,"column":35}},"6":{"start":{"line":15,"column":2},"end":{"line":15,"column":35}},"7":{"start":{"line":18,"column":4},"end":{"line":18,"column":26}},"8":{"start":{"line":20,"column":4},"end":{"line":20,"column":25}},"9":{"start":{"line":21,"column":4},"end":{"line":21,"column":31}},"10":{"start":{"line":22,"column":4},"end":{"line":22,"column":35}},"11":{"start":{"line":23,"column":4},"end":{"line":23,"column":29}},"12":{"start":{"line":24,"column":4},"end":{"line":24,"column":27}},"13":{"start":{"line":25,"column":4},"end":{"line":25,"column":33}},"14":{"start":{"line":26,"column":4},"end":{"line":26,"column":39}},"15":{"start":{"line":27,"column":4},"end":{"line":27,"column":39}},"16":{"start":{"line":31,"column":4},"end":{"line":33,"column":7}},"17":{"start":{"line":32,"column":6},"end":{"line":32,"column":20}},"18":{"start":{"line":35,"column":39},"end":{"line":46,"column":6}},"19":{"start":{"line":48,"column":4},"end":{"line":56,"column":null}},"20":{"start":{"line":49,"column":23},"end":{"line":49,"column":49}},"21":{"start":{"line":51,"column":6},"end":{"line":51,"column":32}},"22":{"start":{"line":51,"column":20},"end":{"line":51,"column":32}},"23":{"start":{"line":53,"column":6},"end":{"line":53,"column":19}},"24":{"start":{"line":55,"column":6},"end":{"line":55,"column":29}},"25":{"start":{"line":5,"column":0},"end":{"line":5,"column":21}}},"fnMap":{"0":{"name":"(anonymous_8)","decl":{"start":{"line":17,"column":2},"end":{"line":17,"column":14}},"loc":{"start":{"line":17,"column":59},"end":{"line":28,"column":3}}},"1":{"name":"(anonymous_9)","decl":{"start":{"line":30,"column":8},"end":{"line":30,"column":21}},"loc":{"start":{"line":30,"column":21},"end":{"line":57,"column":null}}},"2":{"name":"(anonymous_11)","decl":{"start":{"line":31,"column":66},"end":{"line":31,"column":73}},"loc":{"start":{"line":31,"column":76},"end":{"line":33,"column":5}}}},"branchMap":{"0":{"loc":{"start":{"line":31,"column":4},"end":{"line":33,"column":6}},"type":"cond-expr","locations":[{"start":{"line":31,"column":35},"end":{"line":31,"column":37}},{"start":{"line":31,"column":35},"end":{"line":33,"column":6}}]},"1":{"loc":{"start":{"line":31,"column":4},"end":{"line":31,"column":37}},"type":"binary-expr","locations":[{"start":{"line":31,"column":4},"end":{"line":31,"column":37}},{"start":{"line":31,"column":35},"end":{"line":31,"column":37}}]},"2":{"loc":{"start":{"line":42,"column":12},"end":{"line":44,"column":10}},"type":"binary-expr","locations":[{"start":{"line":42,"column":12},"end":{"line":42,"column":38}},{"start":{"line":42,"column":42},"end":{"line":44,"column":10}}]},"3":{"loc":{"start":{"line":51,"column":6},"end":{"line":51,"column":32}},"type":"if","locations":[{"start":{"line":51,"column":6},"end":{"line":51,"column":32}}]}},"s":{"0":0,"1":0,"2":0,"3":0,"4":0,"5":0,"6":0,"7":0,"8":0,"9":0,"10":0,"11":0,"12":0,"13":0,"14":0,"15":0,"16":0,"17":0,"18":0,"19":0,"20":0,"21":0,"22":0,"23":0,"24":0,"25":0},"f":{"0":0,"1":0,"2":0},"b":{"0":[0,0],"1":[0,0],"2":[0,0],"3":[0]}}
,"/Users/hemandev/engagespot/engagespot/packages/core/src/NotificationList.ts": {"path":"/Users/hemandev/engagespot/engagespot/packages/core/src/NotificationList.ts","statementMap":{"0":{"start":{"line":1,"column":0},"end":{"line":1,"column":62}},"1":{"start":{"line":4,"column":0},"end":{"line":4,"column":42}},"2":{"start":{"line":17,"column":4},"end":{"line":17,"column":25}},"3":{"start":{"line":18,"column":4},"end":{"line":18,"column":25}},"4":{"start":{"line":19,"column":4},"end":{"line":19,"column":24}},"5":{"start":{"line":20,"column":4},"end":{"line":20,"column":19}},"6":{"start":{"line":21,"column":4},"end":{"line":21,"column":25}},"7":{"start":{"line":22,"column":4},"end":{"line":22,"column":27}},"8":{"start":{"line":23,"column":4},"end":{"line":23,"column":24}},"9":{"start":{"line":27,"column":39},"end":{"line":43,"column":6}},"10":{"start":{"line":45,"column":21},"end":{"line":45,"column":47}},"11":{"start":{"line":48,"column":4},"end":{"line":48,"column":44}},"12":{"start":{"line":49,"column":4},"end":{"line":49,"column":53}},"13":{"start":{"line":50,"column":4},"end":{"line":50,"column":28}},"14":{"start":{"line":51,"column":4},"end":{"line":51,"column":37}},"15":{"start":{"line":52,"column":4},"end":{"line":52,"column":69}},"16":{"start":{"line":56,"column":4},"end":{"line":71,"column":7}},"17":{"start":{"line":59,"column":31},"end":{"line":68,"column":8}},"18":{"start":{"line":70,"column":6},"end":{"line":70,"column":39}},"19":{"start":{"line":73,"column":4},"end":{"line":73,"column":16}},"20":{"start":{"line":6,"column":0},"end":{"line":6,"column":21}}},"fnMap":{"0":{"name":"(anonymous_8)","decl":{"start":{"line":16,"column":2},"end":{"line":16,"column":14}},"loc":{"start":{"line":16,"column":32},"end":{"line":24,"column":3}}},"1":{"name":"(anonymous_9)","decl":{"start":{"line":26,"column":8},"end":{"line":26,"column":13}},"loc":{"start":{"line":26,"column":41},"end":{"line":74,"column":null}}},"2":{"name":"(anonymous_11)","decl":{"start":{"line":56,"column":26},"end":{"line":56,"column":27}},"loc":{"start":{"line":56,"column":61},"end":{"line":71,"column":5}}}},"branchMap":{"0":{"loc":{"start":{"line":26,"column":14},"end":{"line":26,"column":22}},"type":"default-arg","locations":[{"start":{"line":26,"column":21},"end":{"line":26,"column":22}}]},"1":{"loc":{"start":{"line":26,"column":24},"end":{"line":26,"column":41}},"type":"default-arg","locations":[{"start":{"line":26,"column":39},"end":{"line":26,"column":41}}]},"2":{"loc":{"start":{"line":39,"column":12},"end":{"line":41,"column":10}},"type":"binary-expr","locations":[{"start":{"line":39,"column":12},"end":{"line":39,"column":37}},{"start":{"line":39,"column":41},"end":{"line":41,"column":10}}]}},"s":{"0":0,"1":0,"2":0,"3":0,"4":0,"5":0,"6":0,"7":0,"8":0,"9":0,"10":0,"11":0,"12":0,"13":0,"14":0,"15":0,"16":0,"17":0,"18":0,"19":0,"20":0},"f":{"0":0,"1":0,"2":0},"b":{"0":[0],"1":[0],"2":[0,0]}}
,"/Users/hemandev/engagespot/engagespot/packages/core/src/PermissionState.ts": {"path":"/Users/hemandev/engagespot/engagespot/packages/core/src/PermissionState.ts","statementMap":{"0":{"start":{"line":1,"column":0},"end":{"line":1,"column":null}},"1":{"start":{"line":2,"column":2},"end":{"line":2,"column":null}},"2":{"start":{"line":3,"column":2},"end":{"line":3,"column":null}},"3":{"start":{"line":4,"column":2},"end":{"line":4,"column":null}}},"fnMap":{"0":{"name":"(anonymous_0)","decl":{"start":{"line":1,"column":0},"end":{"line":1,"column":12}},"loc":{"start":{"line":1,"column":27},"end":{"line":5,"column":1}}}},"branchMap":{"0":{"loc":{"start":{"line":1,"column":12},"end":{"line":1,"column":null}},"type":"binary-expr","locations":[{"start":{"line":1,"column":12},"end":{"line":1,"column":27}},{"start":{"line":1,"column":12},"end":{"line":1,"column":null}}]}},"s":{"0":0,"1":0,"2":0,"3":0},"f":{"0":0},"b":{"0":[0,0]}}
,"/Users/hemandev/engagespot/engagespot/packages/core/src/apiRequest.ts": {"path":"/Users/hemandev/engagespot/engagespot/packages/core/src/apiRequest.ts","statementMap":{"0":{"start":{"line":10,"column":31},"end":{"line":17,"column":4}},"1":{"start":{"line":19,"column":2},"end":{"line":21,"column":null}},"2":{"start":{"line":20,"column":4},"end":{"line":20,"column":58}},"3":{"start":{"line":23,"column":2},"end":{"line":33,"column":5}},"4":{"start":{"line":23,"column":69},"end":{"line":33,"column":4}},"5":{"start":{"line":24,"column":4},"end":{"line":26,"column":null}},"6":{"start":{"line":25,"column":6},"end":{"line":25,"column":34}},"7":{"start":{"line":28,"column":4},"end":{"line":32,"column":null}},"8":{"start":{"line":29,"column":6},"end":{"line":29,"column":35}},"9":{"start":{"line":31,"column":6},"end":{"line":31,"column":18}},"10":{"start":{"line":9,"column":0},"end":{"line":9,"column":24}},"11":{"start":{"line":38,"column":2},"end":{"line":44,"column":null}},"12":{"start":{"line":40,"column":6},"end":{"line":40,"column":27}},"13":{"start":{"line":41,"column":4},"end":{"line":41,"column":85}},"14":{"start":{"line":43,"column":4},"end":{"line":43,"column":92}},"15":{"start":{"line":46,"column":2},"end":{"line":46,"column":32}}},"fnMap":{"0":{"name":"sendRequest","decl":{"start":{"line":9,"column":24},"end":{"line":9,"column":35}},"loc":{"start":{"line":9,"column":72},"end":{"line":34,"column":1}}},"1":{"name":"(anonymous_8)","decl":{"start":{"line":23,"column":52},"end":{"line":23,"column":58}},"loc":{"start":{"line":23,"column":69},"end":{"line":33,"column":4}}},"2":{"name":"(anonymous_9)","decl":{"start":{"line":23,"column":69},"end":{"line":23,"column":null}},"loc":{"start":{"line":23,"column":69},"end":{"line":33,"column":3}}},"3":{"name":"handleError","decl":{"start":{"line":36,"column":15},"end":{"line":36,"column":26}},"loc":{"start":{"line":36,"column":45},"end":{"line":47,"column":null}}}},"branchMap":{"0":{"loc":{"start":{"line":19,"column":2},"end":{"line":21,"column":null}},"type":"if","locations":[{"start":{"line":19,"column":2},"end":{"line":21,"column":null}}]},"1":{"loc":{"start":{"line":24,"column":4},"end":{"line":26,"column":null}},"type":"if","locations":[{"start":{"line":24,"column":4},"end":{"line":26,"column":null}}]},"2":{"loc":{"start":{"line":39,"column":12},"end":{"line":39,"column":35}},"type":"default-arg","locations":[{"start":{"line":39,"column":20},"end":{"line":39,"column":35}}]},"3":{"loc":{"start":{"line":39,"column":37},"end":{"line":39,"column":63}},"type":"default-arg","locations":[{"start":{"line":39,"column":47},"end":{"line":39,"column":63}}]}},"s":{"0":0,"1":0,"2":0,"3":0,"4":0,"5":0,"6":0,"7":0,"8":0,"9":0,"10":0,"11":0,"12":0,"13":0,"14":0,"15":0},"f":{"0":0,"1":0,"2":0,"3":0},"b":{"0":[0],"1":[0],"2":[0],"3":[0]}}
,"/Users/hemandev/engagespot/engagespot/packages/core/src/defaults.ts": {"path":"/Users/hemandev/engagespot/engagespot/packages/core/src/defaults.ts","statementMap":{"0":{"start":{"line":7,"column":32},"end":{"line":11,"column":2}},"1":{"start":{"line":13,"column":0},"end":{"line":13,"column":24}}},"fnMap":{},"branchMap":{},"s":{"0":0,"1":0},"f":{},"b":{}}
,"/Users/hemandev/engagespot/engagespot/packages/core/src/engagespot.ts": {"path":"/Users/hemandev/engagespot/engagespot/packages/core/src/engagespot.ts","statementMap":{"0":{"start":{"line":4,"column":0},"end":{"line":4,"column":34}},"1":{"start":{"line":5,"column":0},"end":{"line":5,"column":32}},"2":{"start":{"line":6,"column":0},"end":{"line":6,"column":62}},"3":{"start":{"line":7,"column":0},"end":{"line":7,"column":50}},"4":{"start":{"line":8,"column":0},"end":{"line":8,"column":52}},"5":{"start":{"line":13,"column":2},"end":{"line":13,"column":61}},"6":{"start":{"line":18,"column":2},"end":{"line":18,"column":38}},"7":{"start":{"line":19,"column":2},"end":{"line":19,"column":74}},"8":{"start":{"line":20,"column":2},"end":{"line":20,"column":33}},"9":{"start":{"line":22,"column":2},"end":{"line":22,"column":34}},"10":{"start":{"line":24,"column":2},"end":{"line":24,"column":32}},"11":{"start":{"line":27,"column":2},"end":{"line":27,"column":18}},"12":{"start":{"line":28,"column":2},"end":{"line":28,"column":33}},"13":{"start":{"line":29,"column":2},"end":{"line":29,"column":23}},"14":{"start":{"line":30,"column":2},"end":{"line":30,"column":69}},"15":{"start":{"line":31,"column":2},"end":{"line":31,"column":17}},"16":{"start":{"line":34,"column":2},"end":{"line":37,"column":4}},"17":{"start":{"line":40,"column":2},"end":{"line":40,"column":55}},"18":{"start":{"line":43,"column":4},"end":{"line":43,"column":24}},"19":{"start":{"line":45,"column":4},"end":{"line":45,"column":25}},"20":{"start":{"line":47,"column":4},"end":{"line":48,"column":79}},"21":{"start":{"line":48,"column":6},"end":{"line":48,"column":79}},"22":{"start":{"line":50,"column":4},"end":{"line":51,"column":68}},"23":{"start":{"line":51,"column":6},"end":{"line":51,"column":68}},"24":{"start":{"line":53,"column":4},"end":{"line":53,"column":33}},"25":{"start":{"line":55,"column":4},"end":{"line":55,"column":74}},"26":{"start":{"line":55,"column":31},"end":{"line":55,"column":74}},"27":{"start":{"line":57,"column":4},"end":{"line":58,"column":65}},"28":{"start":{"line":58,"column":6},"end":{"line":58,"column":65}},"29":{"start":{"line":60,"column":4},"end":{"line":61,"column":73}},"30":{"start":{"line":61,"column":6},"end":{"line":61,"column":73}},"31":{"start":{"line":63,"column":4},"end":{"line":63,"column":75}},"32":{"start":{"line":63,"column":34},"end":{"line":63,"column":75}},"33":{"start":{"line":65,"column":4},"end":{"line":65,"column":30}},"34":{"start":{"line":72,"column":4},"end":{"line":72,"column":22}},"35":{"start":{"line":80,"column":4},"end":{"line":85,"column":null}},"36":{"start":{"line":81,"column":6},"end":{"line":81,"column":41}},"37":{"start":{"line":82,"column":6},"end":{"line":82,"column":18}},"38":{"start":{"line":84,"column":6},"end":{"line":84,"column":19}},"39":{"start":{"line":89,"column":4},"end":{"line":91,"column":null}},"40":{"start":{"line":90,"column":6},"end":{"line":90,"column":13}},"41":{"start":{"line":94,"column":4},"end":{"line":94,"column":39}},"42":{"start":{"line":96,"column":4},"end":{"line":105,"column":null}},"43":{"start":{"line":97,"column":6},"end":{"line":104,"column":null}},"44":{"start":{"line":99,"column":8},"end":{"line":99,"column":51}},"45":{"start":{"line":102,"column":8},"end":{"line":103,"column":52}},"46":{"start":{"line":107,"column":4},"end":{"line":107,"column":25}},"47":{"start":{"line":112,"column":4},"end":{"line":112,"column":38}},"48":{"start":{"line":115,"column":4},"end":{"line":115,"column":63}},"49":{"start":{"line":115,"column":24},"end":{"line":115,"column":63}},"50":{"start":{"line":118,"column":39},"end":{"line":134,"column":6}},"51":{"start":{"line":136,"column":21},"end":{"line":136,"column":47}},"52":{"start":{"line":161,"column":4},"end":{"line":161,"column":44}},"53":{"start":{"line":162,"column":4},"end":{"line":162,"column":50}},"54":{"start":{"line":163,"column":4},"end":{"line":163,"column":44}},"55":{"start":{"line":166,"column":4},"end":{"line":170,"column":null}},"56":{"start":{"line":167,"column":6},"end":{"line":167,"column":29}},"57":{"start":{"line":169,"column":6},"end":{"line":169,"column":39}},"58":{"start":{"line":173,"column":4},"end":{"line":173,"column":37}},"59":{"start":{"line":174,"column":4},"end":{"line":174,"column":40}},"60":{"start":{"line":185,"column":4},"end":{"line":185,"column":50}},"61":{"start":{"line":187,"column":4},"end":{"line":195,"column":6}},"62":{"start":{"line":188,"column":6},"end":{"line":188,"column":39}},"63":{"start":{"line":191,"column":6},"end":{"line":192,"column":78}},"64":{"start":{"line":192,"column":8},"end":{"line":192,"column":78}},"65":{"start":{"line":194,"column":6},"end":{"line":194,"column":54}},"66":{"start":{"line":205,"column":4},"end":{"line":205,"column":75}},"67":{"start":{"line":205,"column":22},"end":{"line":205,"column":75}},"68":{"start":{"line":207,"column":26},"end":{"line":207,"column":45}},"69":{"start":{"line":208,"column":4},"end":{"line":218,"column":null}},"70":{"start":{"line":209,"column":6},"end":{"line":211,"column":8}},"71":{"start":{"line":234,"column":4},"end":{"line":234,"column":38}},"72":{"start":{"line":256,"column":4},"end":{"line":256,"column":39}},"73":{"start":{"line":258,"column":4},"end":{"line":258,"column":31}},"74":{"start":{"line":261,"column":28},"end":{"line":261,"column":68}},"75":{"start":{"line":263,"column":4},"end":{"line":271,"column":null}},"76":{"start":{"line":264,"column":31},"end":{"line":264,"column":64}},"77":{"start":{"line":265,"column":6},"end":{"line":267,"column":null}},"78":{"start":{"line":266,"column":8},"end":{"line":266,"column":15}},"79":{"start":{"line":269,"column":27},"end":{"line":269,"column":76}},"80":{"start":{"line":270,"column":6},"end":{"line":270,"column":54}},"81":{"start":{"line":279,"column":32},"end":{"line":279,"column":68}},"82":{"start":{"line":280,"column":4},"end":{"line":283,"column":null}},"83":{"start":{"line":281,"column":6},"end":{"line":282,"column":105}},"84":{"start":{"line":285,"column":4},"end":{"line":287,"column":7}},"85":{"start":{"line":288,"column":4},"end":{"line":288,"column":48}},"86":{"start":{"line":292,"column":4},"end":{"line":302,"column":7}},"87":{"start":{"line":293,"column":31},"end":{"line":297,"column":8}},"88":{"start":{"line":296,"column":8},"end":{"line":296,"column":24}},"89":{"start":{"line":299,"column":6},"end":{"line":301,"column":null}},"90":{"start":{"line":300,"column":8},"end":{"line":300,"column":47}},"91":{"start":{"line":310,"column":4},"end":{"line":313,"column":8}},"92":{"start":{"line":311,"column":6},"end":{"line":313,"column":8}},"93":{"start":{"line":315,"column":4},"end":{"line":323,"column":null}},"94":{"start":{"line":316,"column":6},"end":{"line":316,"column":44}},"95":{"start":{"line":317,"column":6},"end":{"line":320,"column":9}},"96":{"start":{"line":322,"column":6},"end":{"line":322,"column":35}},"97":{"start":{"line":330,"column":4},"end":{"line":334,"column":9}},"98":{"start":{"line":331,"column":19},"end":{"line":331,"column":52}},"99":{"start":{"line":333,"column":8},"end":{"line":333,"column":35}},"100":{"start":{"line":333,"column":17},"end":{"line":333,"column":35}},"101":{"start":{"line":341,"column":4},"end":{"line":345,"column":null}},"102":{"start":{"line":342,"column":6},"end":{"line":344,"column":8}},"103":{"start":{"line":347,"column":4},"end":{"line":351,"column":null}},"104":{"start":{"line":348,"column":6},"end":{"line":350,"column":8}},"105":{"start":{"line":358,"column":4},"end":{"line":360,"column":null}},"106":{"start":{"line":359,"column":6},"end":{"line":359,"column":27}},"107":{"start":{"line":361,"column":4},"end":{"line":361,"column":28}},"108":{"start":{"line":368,"column":4},"end":{"line":368,"column":39}},"109":{"start":{"line":370,"column":4},"end":{"line":372,"column":null}},"110":{"start":{"line":371,"column":6},"end":{"line":371,"column":47}},"111":{"start":{"line":374,"column":4},"end":{"line":376,"column":null}},"112":{"start":{"line":375,"column":6},"end":{"line":375,"column":48}},"113":{"start":{"line":378,"column":4},"end":{"line":378,"column":47}},"114":{"start":{"line":385,"column":4},"end":{"line":385,"column":39}},"115":{"start":{"line":387,"column":4},"end":{"line":414,"column":9}},"116":{"start":{"line":403,"column":8},"end":{"line":403,"column":31}},"117":{"start":{"line":406,"column":8},"end":{"line":406,"column":20}},"118":{"start":{"line":409,"column":29},"end":{"line":411,"column":null}},"119":{"start":{"line":413,"column":8},"end":{"line":413,"column":37}},"120":{"start":{"line":421,"column":21},"end":{"line":427,"column":null}},"121":{"start":{"line":424,"column":18},"end":{"line":424,"column":42}},"122":{"start":{"line":425,"column":14},"end":{"line":425,"column":44}},"123":{"start":{"line":426,"column":8},"end":{"line":426,"column":30}},"124":{"start":{"line":430,"column":4},"end":{"line":430,"column":58}},"125":{"start":{"line":432,"column":4},"end":{"line":432,"column":20}},"126":{"start":{"line":440,"column":4},"end":{"line":440,"column":55}},"127":{"start":{"line":447,"column":4},"end":{"line":447,"column":39}},"128":{"start":{"line":450,"column":4},"end":{"line":452,"column":7}},"129":{"start":{"line":451,"column":6},"end":{"line":451,"column":18}},"130":{"start":{"line":454,"column":4},"end":{"line":456,"column":null}},"131":{"start":{"line":455,"column":6},"end":{"line":455,"column":72}},"132":{"start":{"line":458,"column":39},"end":{"line":469,"column":6}},"133":{"start":{"line":471,"column":39},"end":{"line":471,"column":65}},"134":{"start":{"line":473,"column":4},"end":{"line":473,"column":20}},"135":{"start":{"line":501,"column":4},"end":{"line":501,"column":39}},"136":{"start":{"line":502,"column":4},"end":{"line":523,"column":9}},"137":{"start":{"line":513,"column":8},"end":{"line":513,"column":31}},"138":{"start":{"line":516,"column":8},"end":{"line":516,"column":20}},"139":{"start":{"line":519,"column":29},"end":{"line":520,"column":null}},"140":{"start":{"line":522,"column":8},"end":{"line":522,"column":37}},"141":{"start":{"line":531,"column":4},"end":{"line":531,"column":74}},"142":{"start":{"line":532,"column":4},"end":{"line":532,"column":16}},"143":{"start":{"line":540,"column":4},"end":{"line":540,"column":64}},"144":{"start":{"line":541,"column":4},"end":{"line":541,"column":16}},"145":{"start":{"line":10,"column":0},"end":{"line":10,"column":21}},"146":{"start":{"line":12,"column":9},"end":{"line":12,"column":25}},"147":{"start":{"line":546,"column":2},"end":{"line":548,"column":null}},"148":{"start":{"line":547,"column":4},"end":{"line":547,"column":72}}},"fnMap":{"0":{"name":"(anonymous_8)","decl":{"start":{"line":42,"column":2},"end":{"line":42,"column":14}},"loc":{"start":{"line":42,"column":46},"end":{"line":66,"column":3}}},"1":{"name":"(anonymous_9)","decl":{"start":{"line":71,"column":8},"end":{"line":71,"column":29}},"loc":{"start":{"line":71,"column":29},"end":{"line":73,"column":null}}},"2":{"name":"(anonymous_11)","decl":{"start":{"line":79,"column":8},"end":{"line":79,"column":15}},"loc":{"start":{"line":79,"column":15},"end":{"line":86,"column":null}}},"3":{"name":"(anonymous_13)","decl":{"start":{"line":88,"column":8},"end":{"line":88,"column":12}},"loc":{"start":{"line":88,"column":12},"end":{"line":108,"column":null}}},"4":{"name":"(anonymous_15)","decl":{"start":{"line":111,"column":8},"end":{"line":111,"column":15}},"loc":{"start":{"line":111,"column":15},"end":{"line":179,"column":null}}},"5":{"name":"(anonymous_17)","decl":{"start":{"line":184,"column":2},"end":{"line":184,"column":17}},"loc":{"start":{"line":184,"column":17},"end":{"line":201,"column":3}}},"6":{"name":"(anonymous_18)","decl":{"start":{"line":187,"column":25},"end":{"line":187,"column":30}},"loc":{"start":{"line":187,"column":33},"end":{"line":195,"column":5}}},"7":{"name":"(anonymous_19)","decl":{"start":{"line":204,"column":2},"end":{"line":204,"column":31}},"loc":{"start":{"line":204,"column":47},"end":{"line":219,"column":3}}},"8":{"name":"(anonymous_20)","decl":{"start":{"line":231,"column":2},"end":{"line":231,"column":21}},"loc":{"start":{"line":231,"column":21},"end":{"line":250,"column":3}}},"9":{"name":"(anonymous_21)","decl":{"start":{"line":255,"column":8},"end":{"line":255,"column":29}},"loc":{"start":{"line":255,"column":29},"end":{"line":272,"column":null}}},"10":{"name":"(anonymous_23)","decl":{"start":{"line":277,"column":8},"end":{"line":277,"column":36}},"loc":{"start":{"line":277,"column":36},"end":{"line":289,"column":null}}},"11":{"name":"(anonymous_25)","decl":{"start":{"line":291,"column":8},"end":{"line":291,"column":28}},"loc":{"start":{"line":291,"column":28},"end":{"line":303,"column":null}}},"12":{"name":"(anonymous_27)","decl":{"start":{"line":292,"column":23},"end":{"line":292,"column":33}},"loc":{"start":{"line":292,"column":48},"end":{"line":302,"column":5}}},"13":{"name":"(anonymous_28)","decl":{"start":{"line":293,"column":62},"end":{"line":293,"column":null}},"loc":{"start":{"line":294,"column":14},"end":{"line":297,"column":7}}},"14":{"name":"(anonymous_29)","decl":{"start":{"line":309,"column":8},"end":{"line":309,"column":30}},"loc":{"start":{"line":309,"column":48},"end":{"line":324,"column":null}}},"15":{"name":"(anonymous_31)","decl":{"start":{"line":329,"column":8},"end":{"line":329,"column":32}},"loc":{"start":{"line":329,"column":32},"end":{"line":335,"column":null}}},"16":{"name":"(anonymous_33)","decl":{"start":{"line":331,"column":12},"end":{"line":331,"column":15}},"loc":{"start":{"line":331,"column":19},"end":{"line":331,"column":52}}},"17":{"name":"(anonymous_34)","decl":{"start":{"line":332,"column":12},"end":{"line":332,"column":15}},"loc":{"start":{"line":332,"column":18},"end":{"line":334,"column":7}}},"18":{"name":"(anonymous_35)","decl":{"start":{"line":340,"column":2},"end":{"line":340,"column":21}},"loc":{"start":{"line":340,"column":21},"end":{"line":352,"column":3}}},"19":{"name":"(anonymous_36)","decl":{"start":{"line":357,"column":2},"end":{"line":357,"column":6}},"loc":{"start":{"line":357,"column":13},"end":{"line":362,"column":3}}},"20":{"name":"(anonymous_37)","decl":{"start":{"line":367,"column":8},"end":{"line":367,"column":35}},"loc":{"start":{"line":367,"column":35},"end":{"line":379,"column":null}}},"21":{"name":"(anonymous_39)","decl":{"start":{"line":384,"column":8},"end":{"line":384,"column":30}},"loc":{"start":{"line":384,"column":61},"end":{"line":415,"column":null}}},"22":{"name":"(anonymous_41)","decl":{"start":{"line":402,"column":12},"end":{"line":402,"column":20}},"loc":{"start":{"line":402,"column":23},"end":{"line":404,"column":7}}},"23":{"name":"(anonymous_42)","decl":{"start":{"line":405,"column":12},"end":{"line":405,"column":20}},"loc":{"start":{"line":405,"column":23},"end":{"line":407,"column":7}}},"24":{"name":"(anonymous_43)","decl":{"start":{"line":408,"column":13},"end":{"line":408,"column":18}},"loc":{"start":{"line":408,"column":21},"end":{"line":414,"column":7}}},"25":{"name":"(anonymous_44)","decl":{"start":{"line":420,"column":2},"end":{"line":420,"column":17}},"loc":{"start":{"line":420,"column":17},"end":{"line":433,"column":3}}},"26":{"name":"(anonymous_45)","decl":{"start":{"line":423,"column":6},"end":{"line":423,"column":16}},"loc":{"start":{"line":423,"column":17},"end":{"line":427,"column":7}}},"27":{"name":"(anonymous_46)","decl":{"start":{"line":439,"column":2},"end":{"line":439,"column":13}},"loc":{"start":{"line":439,"column":13},"end":{"line":441,"column":3}}},"28":{"name":"(anonymous_47)","decl":{"start":{"line":446,"column":8},"end":{"line":446,"column":33}},"loc":{"start":{"line":446,"column":44},"end":{"line":494,"column":null}}},"29":{"name":"(anonymous_49)","decl":{"start":{"line":450,"column":58},"end":{"line":450,"column":65}},"loc":{"start":{"line":450,"column":68},"end":{"line":452,"column":5}}},"30":{"name":"(anonymous_50)","decl":{"start":{"line":500,"column":8},"end":{"line":500,"column":26}},"loc":{"start":{"line":500,"column":37},"end":{"line":524,"column":null}}},"31":{"name":"(anonymous_52)","decl":{"start":{"line":512,"column":12},"end":{"line":512,"column":20}},"loc":{"start":{"line":512,"column":23},"end":{"line":514,"column":7}}},"32":{"name":"(anonymous_53)","decl":{"start":{"line":515,"column":12},"end":{"line":515,"column":20}},"loc":{"start":{"line":515,"column":23},"end":{"line":517,"column":7}}},"33":{"name":"(anonymous_54)","decl":{"start":{"line":518,"column":13},"end":{"line":518,"column":18}},"loc":{"start":{"line":518,"column":21},"end":{"line":523,"column":7}}},"34":{"name":"(anonymous_55)","decl":{"start":{"line":530,"column":2},"end":{"line":530,"column":24}},"loc":{"start":{"line":530,"column":42},"end":{"line":533,"column":3}}},"35":{"name":"(anonymous_56)","decl":{"start":{"line":539,"column":2},"end":{"line":539,"column":23}},"loc":{"start":{"line":539,"column":41},"end":{"line":542,"column":3}}},"36":{"name":"checkApiKey","decl":{"start":{"line":545,"column":9},"end":{"line":545,"column":20}},"loc":{"start":{"line":545,"column":32},"end":{"line":549,"column":1}}}},"branchMap":{"0":{"loc":{"start":{"line":47,"column":4},"end":{"line":48,"column":79}},"type":"if","locations":[{"start":{"line":47,"column":4},"end":{"line":48,"column":79}}]},"1":{"loc":{"start":{"line":50,"column":4},"end":{"line":51,"column":68}},"type":"if","locations":[{"start":{"line":50,"column":4},"end":{"line":51,"column":68}}]},"2":{"loc":{"start":{"line":55,"column":4},"end":{"line":55,"column":74}},"type":"if","locations":[{"start":{"line":55,"column":4},"end":{"line":55,"column":74}}]},"3":{"loc":{"start":{"line":57,"column":4},"end":{"line":58,"column":65}},"type":"if","locations":[{"start":{"line":57,"column":4},"end":{"line":58,"column":65}}]},"4":{"loc":{"start":{"line":60,"column":4},"end":{"line":61,"column":73}},"type":"if","locations":[{"start":{"line":60,"column":4},"end":{"line":61,"column":73}}]},"5":{"loc":{"start":{"line":63,"column":4},"end":{"line":63,"column":75}},"type":"if","locations":[{"start":{"line":63,"column":4},"end":{"line":63,"column":75}}]},"6":{"loc":{"start":{"line":89,"column":4},"end":{"line":91,"column":null}},"type":"if","locations":[{"start":{"line":89,"column":4},"end":{"line":91,"column":null}}]},"7":{"loc":{"start":{"line":96,"column":4},"end":{"line":105,"column":null}},"type":"if","locations":[{"start":{"line":96,"column":4},"end":{"line":105,"column":null}}]},"8":{"loc":{"start":{"line":97,"column":6},"end":{"line":104,"column":null}},"type":"if","locations":[{"start":{"line":97,"column":6},"end":{"line":104,"column":null}},{"start":{"line":100,"column":13},"end":{"line":104,"column":null}}]},"9":{"loc":{"start":{"line":115,"column":4},"end":{"line":115,"column":63}},"type":"if","locations":[{"start":{"line":115,"column":4},"end":{"line":115,"column":63}}]},"10":{"loc":{"start":{"line":129,"column":12},"end":{"line":131,"column":10}},"type":"binary-expr","locations":[{"start":{"line":129,"column":12},"end":{"line":129,"column":30}},{"start":{"line":129,"column":34},"end":{"line":131,"column":10}}]},"11":{"loc":{"start":{"line":191,"column":6},"end":{"line":192,"column":78}},"type":"if","locations":[{"start":{"line":191,"column":6},"end":{"line":192,"column":78}}]},"12":{"loc":{"start":{"line":205,"column":4},"end":{"line":205,"column":75}},"type":"if","locations":[{"start":{"line":205,"column":4},"end":{"line":205,"column":75}}]},"13":{"loc":{"start":{"line":208,"column":4},"end":{"line":218,"column":null}},"type":"if","locations":[{"start":{"line":208,"column":4},"end":{"line":218,"column":null}},{"start":{"line":212,"column":11},"end":{"line":218,"column":null}}]},"14":{"loc":{"start":{"line":263,"column":4},"end":{"line":271,"column":null}},"type":"if","locations":[{"start":{"line":263,"column":4},"end":{"line":271,"column":null}}]},"15":{"loc":{"start":{"line":265,"column":6},"end":{"line":267,"column":null}},"type":"if","locations":[{"start":{"line":265,"column":6},"end":{"line":267,"column":null}}]},"16":{"loc":{"start":{"line":280,"column":4},"end":{"line":283,"column":null}},"type":"if","locations":[{"start":{"line":280,"column":4},"end":{"line":283,"column":null}}]},"17":{"loc":{"start":{"line":299,"column":6},"end":{"line":301,"column":null}},"type":"if","locations":[{"start":{"line":299,"column":6},"end":{"line":301,"column":null}}]},"18":{"loc":{"start":{"line":310,"column":4},"end":{"line":313,"column":8}},"type":"if","locations":[{"start":{"line":310,"column":4},"end":{"line":313,"column":8}}]},"19":{"loc":{"start":{"line":333,"column":8},"end":{"line":333,"column":35}},"type":"if","locations":[{"start":{"line":333,"column":8},"end":{"line":333,"column":35}}]},"20":{"loc":{"start":{"line":341,"column":4},"end":{"line":345,"column":null}},"type":"if","locations":[{"start":{"line":341,"column":4},"end":{"line":345,"column":null}}]},"21":{"loc":{"start":{"line":347,"column":4},"end":{"line":351,"column":null}},"type":"if","locations":[{"start":{"line":347,"column":4},"end":{"line":351,"column":null}}]},"22":{"loc":{"start":{"line":358,"column":4},"end":{"line":360,"column":null}},"type":"if","locations":[{"start":{"line":358,"column":4},"end":{"line":360,"column":null}}]},"23":{"loc":{"start":{"line":370,"column":4},"end":{"line":372,"column":null}},"type":"if","locations":[{"start":{"line":370,"column":4},"end":{"line":372,"column":null}}]},"24":{"loc":{"start":{"line":374,"column":4},"end":{"line":376,"column":null}},"type":"if","locations":[{"start":{"line":374,"column":4},"end":{"line":376,"column":null}}]},"25":{"loc":{"start":{"line":425,"column":14},"end":{"line":425,"column":44}},"type":"cond-expr","locations":[{"start":{"line":425,"column":25},"end":{"line":425,"column":26}},{"start":{"line":425,"column":29},"end":{"line":425,"column":44}}]},"26":{"loc":{"start":{"line":450,"column":4},"end":{"line":452,"column":6}},"type":"cond-expr","locations":[{"start":{"line":450,"column":27},"end":{"line":450,"column":29}},{"start":{"line":450,"column":27},"end":{"line":452,"column":6}}]},"27":{"loc":{"start":{"line":450,"column":4},"end":{"line":450,"column":29}},"type":"binary-expr","locations":[{"start":{"line":450,"column":4},"end":{"line":450,"column":29}},{"start":{"line":450,"column":27},"end":{"line":450,"column":29}}]},"28":{"loc":{"start":{"line":454,"column":4},"end":{"line":456,"column":null}},"type":"if","locations":[{"start":{"line":454,"column":4},"end":{"line":456,"column":null}}]},"29":{"loc":{"start":{"line":465,"column":12},"end":{"line":467,"column":10}},"type":"binary-expr","locations":[{"start":{"line":465,"column":12},"end":{"line":465,"column":30}},{"start":{"line":465,"column":34},"end":{"line":467,"column":10}}]},"30":{"loc":{"start":{"line":531,"column":4},"end":{"line":531,"column":73}},"type":"cond-expr","locations":[{"start":{"line":531,"column":27},"end":{"line":531,"column":29}},{"start":{"line":531,"column":27},"end":{"line":531,"column":73}}]},"31":{"loc":{"start":{"line":531,"column":4},"end":{"line":531,"column":29}},"type":"binary-expr","locations":[{"start":{"line":531,"column":4},"end":{"line":531,"column":29}},{"start":{"line":531,"column":27},"end":{"line":531,"column":29}}]},"32":{"loc":{"start":{"line":540,"column":4},"end":{"line":540,"column":63}},"type":"cond-expr","locations":[{"start":{"line":540,"column":27},"end":{"line":540,"column":29}},{"start":{"line":540,"column":27},"end":{"line":540,"column":63}}]},"33":{"loc":{"start":{"line":540,"column":4},"end":{"line":540,"column":29}},"type":"binary-expr","locations":[{"start":{"line":540,"column":4},"end":{"line":540,"column":29}},{"start":{"line":540,"column":27},"end":{"line":540,"column":29}}]},"34":{"loc":{"start":{"line":546,"column":2},"end":{"line":548,"column":null}},"type":"if","locations":[{"start":{"line":546,"column":2},"end":{"line":548,"column":null}}]},"35":{"loc":{"start":{"line":546,"column":6},"end":{"line":546,"column":39}},"type":"binary-expr","locations":[{"start":{"line":546,"column":6},"end":{"line":546,"column":18}},{"start":{"line":546,"column":22},"end":{"line":546,"column":39}}]}},"s":{"0":0,"1":0,"2":0,"3":0,"4":0,"5":0,"6":0,"7":0,"8":0,"9":0,"10":0,"11":0,"12":0,"13":0,"14":0,"15":0,"16":0,"17":0,"18":0,"19":0,"20":0,"21":0,"22":0,"23":0,"24":0,"25":0,"26":0,"27":0,"28":0,"29":0,"30":0,"31":0,"32":0,"33":0,"34":0,"35":0,"36":0,"37":0,"38":0,"39":0,"40":0,"41":0,"42":0,"43":0,"44":0,"45":0,"46":0,"47":0,"48":0,"49":0,"50":0,"51":0,"52":0,"53":0,"54":0,"55":0,"56":0,"57":0,"58":0,"59":0,"60":0,"61":0,"62":0,"63":0,"64":0,"65":0,"66":0,"67":0,"68":0,"69":0,"70":0,"71":0,"72":0,"73":0,"74":0,"75":0,"76":0,"77":0,"78":0,"79":0,"80":0,"81":0,"82":0,"83":0,"84":0,"85":0,"86":0,"87":0,"88":0,"89":0,"90":0,"91":0,"92":0,"93":0,"94":0,"95":0,"96":0,"97":0,"98":0,"99":0,"100":0,"101":0,"102":0,"103":0,"104":0,"105":0,"106":0,"107":0,"108":0,"109":0,"110":0,"111":0,"112":0,"113":0,"114":0,"115":0,"116":0,"117":0,"118":0,"119":0,"120":0,"121":0,"122":0,"123":0,"124":0,"125":0,"126":0,"127":0,"128":0,"129":0,"130":0,"131":0,"132":0,"133":0,"134":0,"135":0,"136":0,"137":0,"138":0,"139":0,"140":0,"141":0,"142":0,"143":0,"144":0,"145":0,"146":0,"147":0,"148":0},"f":{"0":0,"1":0,"2":0,"3":0,"4":0,"5":0,"6":0,"7":0,"8":0,"9":0,"10":0,"11":0,"12":0,"13":0,"14":0,"15":0,"16":0,"17":0,"18":0,"19":0,"20":0,"21":0,"22":0,"23":0,"24":0,"25":0,"26":0,"27":0,"28":0,"29":0,"30":0,"31":0,"32":0,"33":0,"34":0,"35":0,"36":0},"b":{"0":[0],"1":[0],"2":[0],"3":[0],"4":[0],"5":[0],"6":[0],"7":[0],"8":[0,0],"9":[0],"10":[0,0],"11":[0],"12":[0],"13":[0,0],"14":[0],"15":[0],"16":[0],"17":[0],"18":[0],"19":[0],"20":[0],"21":[0],"22":[0],"23":[0],"24":[0],"25":[0,0],"26":[0,0],"27":[0,0],"28":[0],"29":[0,0],"30":[0,0],"31":[0,0],"32":[0,0],"33":[0,0],"34":[0],"35":[0,0]}}
,"/Users/hemandev/engagespot/engagespot/packages/core/src/index.ts": {"path":"/Users/hemandev/engagespot/engagespot/packages/core/src/index.ts","statementMap":{"0":{"start":{"line":1,"column":0},"end":{"line":1,"column":38}},"1":{"start":{"line":3,"column":0},"end":{"line":3,"column":9}},"2":{"start":{"line":3,"column":9},"end":{"line":3,"column":52}},"3":{"start":{"line":5,"column":0},"end":{"line":5,"column":26}}},"fnMap":{"0":{"name":"(anonymous_1)","decl":{"start":{"line":3,"column":9},"end":{"line":3,"column":24}},"loc":{"start":{"line":3,"column":9},"end":{"line":3,"column":52}}}},"branchMap":{},"s":{"0":0,"1":0,"2":0,"3":0},"f":{"0":0},"b":{}}
,"/Users/hemandev/engagespot/engagespot/packages/core/src/utils.ts": {"path":"/Users/hemandev/engagespot/engagespot/packages/core/src/utils.ts","statementMap":{"0":{"start":{"line":4,"column":20},"end":{"line":35,"column":1}},"1":{"start":{"line":5,"column":26},"end":{"line":5,"column":45}},"2":{"start":{"line":8,"column":20},"end":{"line":8,"column":58}},"3":{"start":{"line":12,"column":4},"end":{"line":12,"column":79}},"4":{"start":{"line":15,"column":23},"end":{"line":15,"column":62}},"5":{"start":{"line":18,"column":20},"end":{"line":18,"column":58}},"6":{"start":{"line":21,"column":2},"end":{"line":21,"column":54}},"7":{"start":{"line":21,"column":34},"end":{"line":21,"column":54}},"8":{"start":{"line":24,"column":21},"end":{"line":24,"column":55}},"9":{"start":{"line":27,"column":2},"end":{"line":27,"column":53}},"10":{"start":{"line":27,"column":33},"end":{"line":27,"column":53}},"11":{"start":{"line":29,"column":2},"end":{"line":34,"column":15}},"12":{"start":{"line":29,"column":19},"end":{"line":29,"column":35}},"13":{"start":{"line":30,"column":7},"end":{"line":34,"column":15}},"14":{"start":{"line":30,"column":27},"end":{"line":30,"column":39}},"15":{"start":{"line":31,"column":7},"end":{"line":34,"column":15}},"16":{"start":{"line":31,"column":25},"end":{"line":31,"column":42}},"17":{"start":{"line":32,"column":7},"end":{"line":34,"column":15}},"18":{"start":{"line":32,"column":24},"end":{"line":32,"column":40}},"19":{"start":{"line":33,"column":7},"end":{"line":34,"column":15}},"20":{"start":{"line":33,"column":23},"end":{"line":33,"column":38}},"21":{"start":{"line":34,"column":7},"end":{"line":34,"column":15}},"22":{"start":{"line":37,"column":30},"end":{"line":47,"column":1}},"23":{"start":{"line":38,"column":2},"end":{"line":39,"column":74}},"24":{"start":{"line":39,"column":4},"end":{"line":39,"column":74}},"25":{"start":{"line":41,"column":2},"end":{"line":41,"column":28}},"26":{"start":{"line":43,"column":18},"end":{"line":43,"column":65}},"27":{"start":{"line":44,"column":17},"end":{"line":44,"column":79}},"28":{"start":{"line":45,"column":18},"end":{"line":45,"column":37}},"29":{"start":{"line":46,"column":2},"end":{"line":46,"column":71}},"30":{"start":{"line":46,"column":50},"end":{"line":46,"column":68}},"31":{"start":{"line":49,"column":13},"end":{"line":52,"column":2}}},"fnMap":{"0":{"name":"(anonymous_0)","decl":{"start":{"line":4,"column":20},"end":{"line":4,"column":23}},"loc":{"start":{"line":4,"column":25},"end":{"line":35,"column":1}}},"1":{"name":"(anonymous_1)","decl":{"start":{"line":37,"column":30},"end":{"line":37,"column":31}},"loc":{"start":{"line":37,"column":55},"end":{"line":47,"column":1}}},"2":{"name":"(anonymous_2)","decl":{"start":{"line":46,"column":42},"end":{"line":46,"column":46}},"loc":{"start":{"line":46,"column":50},"end":{"line":46,"column":68}}}},"branchMap":{"0":{"loc":{"start":{"line":12,"column":4},"end":{"line":12,"column":79}},"type":"binary-expr","locations":[{"start":{"line":12,"column":4},"end":{"line":12,"column":40}},{"start":{"line":12,"column":44},"end":{"line":12,"column":79}}]},"1":{"loc":{"start":{"line":21,"column":2},"end":{"line":21,"column":54}},"type":"if","locations":[{"start":{"line":21,"column":2},"end":{"line":21,"column":54}}]},"2":{"loc":{"start":{"line":21,"column":6},"end":{"line":21,"column":32}},"type":"binary-expr","locations":[{"start":{"line":21,"column":6},"end":{"line":21,"column":17}},{"start":{"line":21,"column":21},"end":{"line":21,"column":32}}]},"3":{"loc":{"start":{"line":27,"column":2},"end":{"line":27,"column":53}},"type":"if","locations":[{"start":{"line":27,"column":2},"end":{"line":27,"column":53}}]},"4":{"loc":{"start":{"line":27,"column":6},"end":{"line":27,"column":31}},"type":"binary-expr","locations":[{"start":{"line":27,"column":6},"end":{"line":27,"column":17}},{"start":{"line":27,"column":21},"end":{"line":27,"column":31}}]},"5":{"loc":{"start":{"line":29,"column":2},"end":{"line":34,"column":15}},"type":"if","locations":[{"start":{"line":29,"column":2},"end":{"line":34,"column":15}},{"start":{"line":30,"column":7},"end":{"line":34,"column":15}}]},"6":{"loc":{"start":{"line":30,"column":7},"end":{"line":34,"column":15}},"type":"if","locations":[{"start":{"line":30,"column":7},"end":{"line":34,"column":15}},{"start":{"line":31,"column":7},"end":{"line":34,"column":15}}]},"7":{"loc":{"start":{"line":31,"column":7},"end":{"line":34,"column":15}},"type":"if","locations":[{"start":{"line":31,"column":7},"end":{"line":34,"column":15}},{"start":{"line":32,"column":7},"end":{"line":34,"column":15}}]},"8":{"loc":{"start":{"line":32,"column":7},"end":{"line":34,"column":15}},"type":"if","locations":[{"start":{"line":32,"column":7},"end":{"line":34,"column":15}},{"start":{"line":33,"column":7},"end":{"line":34,"column":15}}]},"9":{"loc":{"start":{"line":33,"column":7},"end":{"line":34,"column":15}},"type":"if","locations":[{"start":{"line":33,"column":7},"end":{"line":34,"column":15}},{"start":{"line":34,"column":7},"end":{"line":34,"column":15}}]},"10":{"loc":{"start":{"line":38,"column":2},"end":{"line":39,"column":74}},"type":"if","locations":[{"start":{"line":38,"column":2},"end":{"line":39,"column":74}}]}},"s":{"0":0,"1":0,"2":0,"3":0,"4":0,"5":0,"6":0,"7":0,"8":0,"9":0,"10":0,"11":0,"12":0,"13":0,"14":0,"15":0,"16":0,"17":0,"18":0,"19":0,"20":0,"21":0,"22":0,"23":0,"24":0,"25":0,"26":0,"27":0,"28":0,"29":0,"30":0,"31":0},"f":{"0":0,"1":0,"2":0},"b":{"0":[0,0],"1":[0],"2":[0,0],"3":[0],"4":[0,0],"5":[0,0],"6":[0,0],"7":[0,0],"8":[0,0],"9":[0,0],"10":[0]}}
}
