TN:
SF:src/Notification.ts
FN:17,(anonymous_8)
FN:30,(anonymous_9)
FN:31,(anonymous_11)
FNF:3
FNH:0
FNDA:0,(anonymous_8)
FNDA:0,(anonymous_9)
FNDA:0,(anonymous_11)
DA:1,0
DA:5,0
DA:10,0
DA:11,0
DA:12,0
DA:13,0
DA:14,0
DA:15,0
DA:18,0
DA:20,0
DA:21,0
DA:22,0
DA:23,0
DA:24,0
DA:25,0
DA:26,0
DA:27,0
DA:31,0
DA:32,0
DA:35,0
DA:48,0
DA:49,0
DA:51,0
DA:53,0
DA:55,0
LF:25
LH:0
BRDA:31,0,0,0
BRDA:31,0,1,0
BRDA:31,1,0,0
BRDA:31,1,1,0
BRDA:42,2,0,0
BRDA:42,2,1,0
BRDA:51,3,0,0
BRF:7
BRH:0
end_of_record
TN:
SF:src/NotificationList.ts
FN:16,(anonymous_8)
FN:26,(anonymous_9)
FN:56,(anonymous_11)
FNF:3
FNH:0
FNDA:0,(anonymous_8)
FNDA:0,(anonymous_9)
FNDA:0,(anonymous_11)
DA:1,0
DA:4,0
DA:6,0
DA:17,0
DA:18,0
DA:19,0
DA:20,0
DA:21,0
DA:22,0
DA:23,0
DA:27,0
DA:45,0
DA:48,0
DA:49,0
DA:50,0
DA:51,0
DA:52,0
DA:56,0
DA:59,0
DA:70,0
DA:73,0
LF:21
LH:0
BRDA:26,0,0,0
BRDA:26,1,0,0
BRDA:39,2,0,0
BRDA:39,2,1,0
BRF:4
BRH:0
end_of_record
TN:
SF:src/PermissionState.ts
FN:1,(anonymous_0)
FNF:1
FNH:0
FNDA:0,(anonymous_0)
DA:1,0
DA:2,0
DA:3,0
DA:4,0
LF:4
LH:0
BRDA:1,0,0,0
BRDA:1,0,1,0
BRF:2
BRH:0
end_of_record
TN:
SF:src/apiRequest.ts
FN:9,sendRequest
FN:23,(anonymous_8)
FN:23,(anonymous_9)
FN:36,handleError
FNF:4
FNH:0
FNDA:0,sendRequest
FNDA:0,(anonymous_8)
FNDA:0,(anonymous_9)
FNDA:0,handleError
DA:9,0
DA:10,0
DA:19,0
DA:20,0
DA:23,0
DA:24,0
DA:25,0
DA:28,0
DA:29,0
DA:31,0
DA:38,0
DA:40,0
DA:41,0
DA:43,0
DA:46,0
LF:15
LH:0
BRDA:19,0,0,0
BRDA:24,1,0,0
BRDA:39,2,0,0
BRDA:39,3,0,0
BRF:4
BRH:0
end_of_record
TN:
SF:src/defaults.ts
FNF:0
FNH:0
DA:7,0
DA:13,0
LF:2
LH:0
BRF:0
BRH:0
end_of_record
TN:
SF:src/engagespot.ts
FN:42,(anonymous_8)
FN:71,(anonymous_9)
FN:79,(anonymous_11)
FN:88,(anonymous_13)
FN:111,(anonymous_15)
FN:184,(anonymous_17)
FN:187,(anonymous_18)
FN:204,(anonymous_19)
FN:231,(anonymous_20)
FN:255,(anonymous_21)
FN:277,(anonymous_23)
FN:291,(anonymous_25)
FN:292,(anonymous_27)
FN:293,(anonymous_28)
FN:309,(anonymous_29)
FN:329,(anonymous_31)
FN:331,(anonymous_33)
FN:332,(anonymous_34)
FN:340,(anonymous_35)
FN:357,(anonymous_36)
FN:367,(anonymous_37)
FN:384,(anonymous_39)
FN:402,(anonymous_41)
FN:405,(anonymous_42)
FN:408,(anonymous_43)
FN:420,(anonymous_44)
FN:423,(anonymous_45)
FN:439,(anonymous_46)
FN:446,(anonymous_47)
FN:450,(anonymous_49)
FN:500,(anonymous_50)
FN:512,(anonymous_52)
FN:515,(anonymous_53)
FN:518,(anonymous_54)
FN:530,(anonymous_55)
FN:539,(anonymous_56)
FN:545,checkApiKey
FNF:37
FNH:0
FNDA:0,(anonymous_8)
FNDA:0,(anonymous_9)
FNDA:0,(anonymous_11)
FNDA:0,(anonymous_13)
FNDA:0,(anonymous_15)
FNDA:0,(anonymous_17)
FNDA:0,(anonymous_18)
FNDA:0,(anonymous_19)
FNDA:0,(anonymous_20)
FNDA:0,(anonymous_21)
FNDA:0,(anonymous_23)
FNDA:0,(anonymous_25)
FNDA:0,(anonymous_27)
FNDA:0,(anonymous_28)
FNDA:0,(anonymous_29)
FNDA:0,(anonymous_31)
FNDA:0,(anonymous_33)
FNDA:0,(anonymous_34)
FNDA:0,(anonymous_35)
FNDA:0,(anonymous_36)
FNDA:0,(anonymous_37)
FNDA:0,(anonymous_39)
FNDA:0,(anonymous_41)
FNDA:0,(anonymous_42)
FNDA:0,(anonymous_43)
FNDA:0,(anonymous_44)
FNDA:0,(anonymous_45)
FNDA:0,(anonymous_46)
FNDA:0,(anonymous_47)
FNDA:0,(anonymous_49)
FNDA:0,(anonymous_50)
FNDA:0,(anonymous_52)
FNDA:0,(anonymous_53)
FNDA:0,(anonymous_54)
FNDA:0,(anonymous_55)
FNDA:0,(anonymous_56)
FNDA:0,checkApiKey
DA:4,0
DA:5,0
DA:6,0
DA:7,0
DA:8,0
DA:10,0
DA:12,0
DA:13,0
DA:18,0
DA:19,0
DA:20,0
DA:22,0
DA:24,0
DA:27,0
DA:28,0
DA:29,0
DA:30,0
DA:31,0
DA:34,0
DA:40,0
DA:43,0
DA:45,0
DA:47,0
DA:48,0
DA:50,0
DA:51,0
DA:53,0
DA:55,0
DA:57,0
DA:58,0
DA:60,0
DA:61,0
DA:63,0
DA:65,0
DA:72,0
DA:80,0
DA:81,0
DA:82,0
DA:84,0
DA:89,0
DA:90,0
DA:94,0
DA:96,0
DA:97,0
DA:99,0
DA:102,0
DA:107,0
DA:112,0
DA:115,0
DA:118,0
DA:136,0
DA:161,0
DA:162,0
DA:163,0
DA:166,0
DA:167,0
DA:169,0
DA:173,0
DA:174,0
DA:185,0
DA:187,0
DA:188,0
DA:191,0
DA:192,0
DA:194,0
DA:205,0
DA:207,0
DA:208,0
DA:209,0
DA:234,0
DA:256,0
DA:258,0
DA:261,0
DA:263,0
DA:264,0
DA:265,0
DA:266,0
DA:269,0
DA:270,0
DA:279,0
DA:280,0
DA:281,0
DA:285,0
DA:288,0
DA:292,0
DA:293,0
DA:296,0
DA:299,0
DA:300,0
DA:310,0
DA:311,0
DA:315,0
DA:316,0
DA:317,0
DA:322,0
DA:330,0
DA:331,0
DA:333,0
DA:341,0
DA:342,0
DA:347,0
DA:348,0
DA:358,0
DA:359,0
DA:361,0
DA:368,0
DA:370,0
DA:371,0
DA:374,0
DA:375,0
DA:378,0
DA:385,0
DA:387,0
DA:403,0
DA:406,0
DA:409,0
DA:413,0
DA:421,0
DA:424,0
DA:425,0
DA:426,0
DA:430,0
DA:432,0
DA:440,0
DA:447,0
DA:450,0
DA:451,0
DA:454,0
DA:455,0
DA:458,0
DA:471,0
DA:473,0
DA:501,0
DA:502,0
DA:513,0
DA:516,0
DA:519,0
DA:522,0
DA:531,0
DA:532,0
DA:540,0
DA:541,0
DA:546,0
DA:547,0
LF:144
LH:0
BRDA:47,0,0,0
BRDA:50,1,0,0
BRDA:55,2,0,0
BRDA:57,3,0,0
BRDA:60,4,0,0
BRDA:63,5,0,0
BRDA:89,6,0,0
BRDA:96,7,0,0
BRDA:97,8,0,0
BRDA:97,8,1,0
BRDA:115,9,0,0
BRDA:129,10,0,0
BRDA:129,10,1,0
BRDA:191,11,0,0
BRDA:205,12,0,0
BRDA:208,13,0,0
BRDA:208,13,1,0
BRDA:263,14,0,0
BRDA:265,15,0,0
BRDA:280,16,0,0
BRDA:299,17,0,0
BRDA:310,18,0,0
BRDA:333,19,0,0
BRDA:341,20,0,0
BRDA:347,21,0,0
BRDA:358,22,0,0
BRDA:370,23,0,0
BRDA:374,24,0,0
BRDA:425,25,0,0
BRDA:425,25,1,0
BRDA:450,26,0,0
BRDA:450,26,1,0
BRDA:450,27,0,0
BRDA:450,27,1,0
BRDA:454,28,0,0
BRDA:465,29,0,0
BRDA:465,29,1,0
BRDA:531,30,0,0
BRDA:531,30,1,0
BRDA:531,31,0,0
BRDA:531,31,1,0
BRDA:540,32,0,0
BRDA:540,32,1,0
BRDA:540,33,0,0
BRDA:540,33,1,0
BRDA:546,34,0,0
BRDA:546,35,0,0
BRDA:546,35,1,0
BRF:48
BRH:0
end_of_record
TN:
SF:src/index.ts
FN:3,(anonymous_1)
FNF:1
FNH:0
FNDA:0,(anonymous_1)
DA:1,0
DA:3,0
DA:5,0
LF:3
LH:0
BRF:0
BRH:0
end_of_record
TN:
SF:src/utils.ts
FN:4,(anonymous_0)
FN:37,(anonymous_1)
FN:46,(anonymous_2)
FNF:3
FNH:0
FNDA:0,(anonymous_0)
FNDA:0,(anonymous_1)
FNDA:0,(anonymous_2)
DA:4,0
DA:5,0
DA:8,0
DA:12,0
DA:15,0
DA:18,0
DA:21,0
DA:24,0
DA:27,0
DA:29,0
DA:30,0
DA:31,0
DA:32,0
DA:33,0
DA:34,0
DA:37,0
DA:38,0
DA:39,0
DA:41,0
DA:43,0
DA:44,0
DA:45,0
DA:46,0
DA:49,0
LF:24
LH:0
BRDA:12,0,0,0
BRDA:12,0,1,0
BRDA:21,1,0,0
BRDA:21,2,0,0
BRDA:21,2,1,0
BRDA:27,3,0,0
BRDA:27,4,0,0
BRDA:27,4,1,0
BRDA:29,5,0,0
BRDA:29,5,1,0
BRDA:30,6,0,0
BRDA:30,6,1,0
BRDA:31,7,0,0
BRDA:31,7,1,0
BRDA:32,8,0,0
BRDA:32,8,1,0
BRDA:33,9,0,0
BRDA:33,9,1,0
BRDA:38,10,0,0
BRF:19
BRH:0
end_of_record
