{"/Users/hemandev/engagespot/engagespot/packages/react-component/src/fetch.js": {"path":"/Users/hemandev/engagespot/engagespot/packages/react-component/src/fetch.js","statementMap":{"0":{"start":{"line":1,"column":0},"end":{"line":1,"column":52}},"1":{"start":{"line":2,"column":0},"end":{"line":2,"column":26}},"2":{"start":{"line":4,"column":21},"end":{"line":7,"column":2}},"3":{"start":{"line":10,"column":2},"end":{"line":26,"column":null}},"4":{"start":{"line":12,"column":6},"end":{"line":15,"column":8}},"5":{"start":{"line":18,"column":6},"end":{"line":21,"column":8}},"6":{"start":{"line":24,"column":6},"end":{"line":24,"column":19}},"7":{"start":{"line":30,"column":42},"end":{"line":32,"column":null}},"8":{"start":{"line":34,"column":44},"end":{"line":34,"column":59}},"9":{"start":{"line":36,"column":24},"end":{"line":47,"column":8}},"10":{"start":{"line":37,"column":4},"end":{"line":47,"column":8}},"11":{"start":{"line":40,"column":25},"end":{"line":40,"column":33}},"12":{"start":{"line":41,"column":29},"end":{"line":41,"column":33}},"13":{"start":{"line":42,"column":8},"end":{"line":42,"column":48}},"14":{"start":{"line":43,"column":8},"end":{"line":43,"column":31}},"15":{"start":{"line":46,"column":8},"end":{"line":46,"column":43}},"16":{"start":{"line":49,"column":21},"end":{"line":49,"column":59}},"17":{"start":{"line":51,"column":2},"end":{"line":59,"column":4}},"18":{"start":{"line":53,"column":29},"end":{"line":53,"column":47}},"19":{"start":{"line":29,"column":0},"end":{"line":29,"column":24}}},"fnMap":{"0":{"name":"greetingReducer","decl":{"start":{"line":9,"column":9},"end":{"line":9,"column":24}},"loc":{"start":{"line":9,"column":38},"end":{"line":27,"column":1}}},"1":{"name":"Fetch","decl":{"start":{"line":29,"column":24},"end":{"line":29,"column":29}},"loc":{"start":{"line":29,"column":37},"end":{"line":60,"column":1}}},"2":{"name":"(anonymous_3)","decl":{"start":{"line":36,"column":24},"end":{"line":36,"column":29}},"loc":{"start":{"line":37,"column":4},"end":{"line":47,"column":8}}},"3":{"name":"(anonymous_4)","decl":{"start":{"line":39,"column":12},"end":{"line":39,"column":20}},"loc":{"start":{"line":39,"column":23},"end":{"line":44,"column":7}}},"4":{"name":"(anonymous_5)","decl":{"start":{"line":45,"column":13},"end":{"line":45,"column":18}},"loc":{"start":{"line":45,"column":21},"end":{"line":47,"column":7}}},"5":{"name":"(anonymous_6)","decl":{"start":{"line":53,"column":23},"end":{"line":53,"column":26}},"loc":{"start":{"line":53,"column":29},"end":{"line":53,"column":47}}}},"branchMap":{"0":{"loc":{"start":{"line":10,"column":2},"end":{"line":26,"column":null}},"type":"switch","locations":[{"start":{"line":11,"column":4},"end":{"line":16,"column":null}},{"start":{"line":17,"column":4},"end":{"line":22,"column":null}},{"start":{"line":23,"column":4},"end":{"line":25,"column":null}}]},"1":{"loc":{"start":{"line":49,"column":21},"end":{"line":49,"column":59}},"type":"cond-expr","locations":[{"start":{"line":49,"column":37},"end":{"line":49,"column":41}},{"start":{"line":49,"column":44},"end":{"line":49,"column":59}}]},"2":{"loc":{"start":{"line":56,"column":7},"end":{"line":56,"column":38}},"type":"binary-expr","locations":[{"start":{"line":56,"column":7},"end":{"line":56,"column":15}},{"start":{"line":56,"column":19},"end":{"line":56,"column":38}}]},"3":{"loc":{"start":{"line":57,"column":7},"end":{"line":57,"column":58}},"type":"binary-expr","locations":[{"start":{"line":57,"column":7},"end":{"line":57,"column":12}},{"start":{"line":57,"column":16},"end":{"line":57,"column":58}}]}},"s":{"0":1,"1":1,"2":1,"3":2,"4":1,"5":1,"6":0,"7":5,"8":5,"9":5,"10":2,"11":1,"12":1,"13":1,"14":1,"15":1,"16":5,"17":5,"18":2,"19":1},"f":{"0":2,"1":5,"2":2,"3":1,"4":1,"5":2},"b":{"0":[1,1,0],"1":[1,4],"2":[5,2],"3":[5,1]}}
}
