TN:
SF:src/fetch.js
FN:9,greetingReducer
FN:29,Fetch
FN:36,(anonymous_3)
FN:39,(anonymous_4)
FN:45,(anonymous_5)
FN:53,(anonymous_6)
FNF:6
FNH:6
FNDA:2,greetingReducer
FNDA:5,Fetch
FNDA:2,(anonymous_3)
FNDA:1,(anonymous_4)
FNDA:1,(anonymous_5)
FNDA:2,(anonymous_6)
DA:1,1
DA:2,1
DA:4,1
DA:10,2
DA:12,1
DA:18,1
DA:24,0
DA:29,1
DA:30,5
DA:34,5
DA:36,5
DA:37,2
DA:40,1
DA:41,1
DA:42,1
DA:43,1
DA:46,1
DA:49,5
DA:51,5
DA:53,2
LF:20
LH:19
BRDA:10,0,0,1
BRDA:10,0,1,1
BRDA:10,0,2,0
BRDA:49,1,0,1
BRDA:49,1,1,4
BRDA:56,2,0,5
BRDA:56,2,1,2
BRDA:57,3,0,5
BRDA:57,3,1,1
BRF:9
BRH:8
end_of_record
